CRITICAL - 2023-12-13 01:50:47 --> Undefined property: App\Controllers\Home::$input
in APPPATH\Controllers\Home.php on line 19.
 1 APPPATH\Controllers\Home.php(19): CodeIgniter\Debug\Exceptions->errorHandler(8, 'Undefined property: App\\Controllers\\Home::$input', 'C:\\laragon\\www\\bekawan\\app\\Controllers\\Home.php', 19, [])
 2 SYSTEMPATH\CodeIgniter.php(942): App\Controllers\Home->contact_message()
 3 SYSTEMPATH\CodeIgniter.php(502): CodeIgniter\CodeIgniter->runController(Object(App\Controllers\Home))
 4 SYSTEMPATH\CodeIgniter.php(361): CodeIgniter\CodeIgniter->handleRequest(null, Object(Config\Cache), false)
 5 FCPATH\index.php(79): CodeIgniter\CodeIgniter->run()
 6 SYSTEMPATH\Commands\Server\rewrite.php(47): require_once('C:\\laragon\\www\\bekawan\\public\\index.php')
CRITICAL - 2023-12-13 01:53:32 --> Undefined property: App\Controllers\Home::$load
in APPPATH\Controllers\Home.php on line 34.
 1 APPPATH\Controllers\Home.php(34): CodeIgniter\Debug\Exceptions->errorHandler(8, 'Undefined property: App\\Controllers\\Home::$load', 'C:\\laragon\\www\\bekawan\\app\\Controllers\\Home.php', 34, [...])
 2 SYSTEMPATH\CodeIgniter.php(942): App\Controllers\Home->contact_message()
 3 SYSTEMPATH\CodeIgniter.php(502): CodeIgniter\CodeIgniter->runController(Object(App\Controllers\Home))
 4 SYSTEMPATH\CodeIgniter.php(361): CodeIgniter\CodeIgniter->handleRequest(null, Object(Config\Cache), false)
 5 FCPATH\index.php(79): CodeIgniter\CodeIgniter->run()
 6 SYSTEMPATH\Commands\Server\rewrite.php(47): require_once('C:\\laragon\\www\\bekawan\\public\\index.php')
CRITICAL - 2023-12-13 01:55:06 --> Undefined property: App\Controllers\Home::$email
in APPPATH\Controllers\Home.php on line 34.
 1 APPPATH\Controllers\Home.php(34): CodeIgniter\Debug\Exceptions->errorHandler(8, 'Undefined property: App\\Controllers\\Home::$email', 'C:\\laragon\\www\\bekawan\\app\\Controllers\\Home.php', 34, [...])
 2 SYSTEMPATH\CodeIgniter.php(942): App\Controllers\Home->contact_message()
 3 SYSTEMPATH\CodeIgniter.php(502): CodeIgniter\CodeIgniter->runController(Object(App\Controllers\Home))
 4 SYSTEMPATH\CodeIgniter.php(361): CodeIgniter\CodeIgniter->handleRequest(null, Object(Config\Cache), false)
 5 FCPATH\index.php(79): CodeIgniter\CodeIgniter->run()
 6 SYSTEMPATH\Commands\Server\rewrite.php(47): require_once('C:\\laragon\\www\\bekawan\\public\\index.php')
CRITICAL - 2023-12-13 01:56:49 --> Undefined property: App\Controllers\Home::$load
in APPPATH\Controllers\Home.php on line 19.
 1 APPPATH\Controllers\Home.php(19): CodeIgniter\Debug\Exceptions->errorHandler(8, 'Undefined property: App\\Controllers\\Home::$load', 'C:\\laragon\\www\\bekawan\\app\\Controllers\\Home.php', 19, [])
 2 SYSTEMPATH\CodeIgniter.php(942): App\Controllers\Home->contact_message()
 3 SYSTEMPATH\CodeIgniter.php(502): CodeIgniter\CodeIgniter->runController(Object(App\Controllers\Home))
 4 SYSTEMPATH\CodeIgniter.php(361): CodeIgniter\CodeIgniter->handleRequest(null, Object(Config\Cache), false)
 5 FCPATH\index.php(79): CodeIgniter\CodeIgniter->run()
 6 SYSTEMPATH\Commands\Server\rewrite.php(47): require_once('C:\\laragon\\www\\bekawan\\public\\index.php')
CRITICAL - 2023-12-13 02:05:54 --> strpos() expects parameter 1 to be string, object given
in SYSTEMPATH\Email\Email.php on line 742.
 1 [internal function]: CodeIgniter\Debug\Exceptions->errorHandler(2, 'strpos() expects parameter 1 to be string, object given', 'C:\\laragon\\www\\bekawan\\vendor\\codeigniter4\\framework\\system\\Email\\Email.php', 742, [...])
 2 SYSTEMPATH\Email\Email.php(742): strpos(Object(CodeIgniter\Email\Email), ',')
 3 SYSTEMPATH\Email\Email.php(555): CodeIgniter\Email\Email->stringToArray(Object(CodeIgniter\Email\Email))
 4 APPPATH\Controllers\Home.php(29): CodeIgniter\Email\Email->setTo(Object(CodeIgniter\Email\Email))
 5 SYSTEMPATH\CodeIgniter.php(942): App\Controllers\Home->contact_message()
 6 SYSTEMPATH\CodeIgniter.php(502): CodeIgniter\CodeIgniter->runController(Object(App\Controllers\Home))
 7 SYSTEMPATH\CodeIgniter.php(361): CodeIgniter\CodeIgniter->handleRequest(null, Object(Config\Cache), false)
 8 FCPATH\index.php(79): CodeIgniter\CodeIgniter->run()
 9 SYSTEMPATH\Commands\Server\rewrite.php(47): require_once('C:\\laragon\\www\\bekawan\\public\\index.php')
ERROR - 2023-12-13 02:51:48 --> Email: Unable to send email using Sendmail. Your server might not be configured to send mail using this method.
ERROR - 2023-12-13 02:51:48 --> Exit status code: 1
Unable to open a socket to Sendmail. Please check settings.
ERROR - 2023-12-13 02:53:25 --> Email: Unable to send email using Sendmail. Your server might not be configured to send mail using this method.
ERROR - 2023-12-13 02:53:25 --> Exit status code: 1
Unable to open a socket to Sendmail. Please check settings.
ERROR - 2023-12-13 02:54:13 --> Email: Unable to send email using Sendmail. Your server might not be configured to send mail using this method.
ERROR - 2023-12-13 02:54:13 --> Exit status code: 1
Unable to open a socket to Sendmail. Please check settings.
CRITICAL - 2023-12-13 05:54:08 --> Invalid file: "admin/mazer/layouts/app.php"
in SYSTEMPATH\Exceptions\FrameworkException.php on line 39.
 1 SYSTEMPATH\View\View.php(216): CodeIgniter\Exceptions\FrameworkException::forInvalidFile('admin/mazer/layouts/app.php')
 2 SYSTEMPATH\View\View.php(244): CodeIgniter\View\View->render('admin/mazer/layouts/app', [], true)
 3 SYSTEMPATH\Common.php(1190): CodeIgniter\View\View->render('admin/index', [], true)
 4 APPPATH\Controllers\Admin\Dashboard.php(283): view('admin/index', [...])
 5 SYSTEMPATH\CodeIgniter.php(942): App\Controllers\Admin\Dashboard->index()
 6 SYSTEMPATH\CodeIgniter.php(502): CodeIgniter\CodeIgniter->runController(Object(App\Controllers\Admin\Dashboard))
 7 SYSTEMPATH\CodeIgniter.php(361): CodeIgniter\CodeIgniter->handleRequest(null, Object(Config\Cache), false)
 8 FCPATH\index.php(79): CodeIgniter\CodeIgniter->run()
 9 SYSTEMPATH\Commands\Server\rewrite.php(47): require_once('C:\\laragon\\www\\bekawan\\public\\index.php')
INFO - 2023-12-13 05:54:44 --> Session: Class initialized using 'CodeIgniter\Session\Handlers\FileHandler' driver.
CRITICAL - 2023-12-13 05:54:44 --> Undefined index: role_id
in APPPATH\Views\admin\layouts\sidebar.php on line 32.
 1 APPPATH\Views\admin\layouts\sidebar.php(32): CodeIgniter\Debug\Exceptions->errorHandler(8, 'Undefined index: role_id', 'C:\\laragon\\www\\bekawan\\app\\Views\\admin\\layouts\\sidebar.php', 32, [...])
 2 SYSTEMPATH\View\View.php(228): include('C:\\laragon\\www\\bekawan\\app\\Views\\admin\\layouts\\sidebar.php')
 3 SYSTEMPATH\View\View.php(231): CodeIgniter\View\View->CodeIgniter\View\{closure}()
 4 SYSTEMPATH\View\View.php(469): CodeIgniter\View\View->render('admin/layouts/sidebar', null, true)
 5 APPPATH\Views\admin\layouts\app.php(29): CodeIgniter\View\View->include('admin/layouts/sidebar')
 6 SYSTEMPATH\View\View.php(228): include('C:\\laragon\\www\\bekawan\\app\\Views\\admin\\layouts\\app.php')
 7 SYSTEMPATH\View\View.php(231): CodeIgniter\View\View->CodeIgniter\View\{closure}()
 8 SYSTEMPATH\View\View.php(244): CodeIgniter\View\View->render('admin/layouts/app', [], true)
 9 SYSTEMPATH\Common.php(1190): CodeIgniter\View\View->render('admin/index', [], true)
10 APPPATH\Controllers\Admin\Dashboard.php(283): view('admin/index', [...])
11 SYSTEMPATH\CodeIgniter.php(942): App\Controllers\Admin\Dashboard->index()
12 SYSTEMPATH\CodeIgniter.php(502): CodeIgniter\CodeIgniter->runController(Object(App\Controllers\Admin\Dashboard))
13 SYSTEMPATH\CodeIgniter.php(361): CodeIgniter\CodeIgniter->handleRequest(null, Object(Config\Cache), false)
14 FCPATH\index.php(79): CodeIgniter\CodeIgniter->run()
15 SYSTEMPATH\Commands\Server\rewrite.php(47): require_once('C:\\laragon\\www\\bekawan\\public\\index.php')
INFO - 2023-12-13 05:55:22 --> Session: Class initialized using 'CodeIgniter\Session\Handlers\FileHandler' driver.
CRITICAL - 2023-12-13 05:55:22 --> Undefined index: role_id
in APPPATH\Views\admin\layouts\sidebar.php on line 32.
 1 APPPATH\Views\admin\layouts\sidebar.php(32): CodeIgniter\Debug\Exceptions->errorHandler(8, 'Undefined index: role_id', 'C:\\laragon\\www\\bekawan\\app\\Views\\admin\\layouts\\sidebar.php', 32, [...])
 2 SYSTEMPATH\View\View.php(228): include('C:\\laragon\\www\\bekawan\\app\\Views\\admin\\layouts\\sidebar.php')
 3 SYSTEMPATH\View\View.php(231): CodeIgniter\View\View->CodeIgniter\View\{closure}()
 4 SYSTEMPATH\View\View.php(469): CodeIgniter\View\View->render('admin/layouts/sidebar', null, true)
 5 APPPATH\Views\admin\layouts\app.php(29): CodeIgniter\View\View->include('admin/layouts/sidebar')
 6 SYSTEMPATH\View\View.php(228): include('C:\\laragon\\www\\bekawan\\app\\Views\\admin\\layouts\\app.php')
 7 SYSTEMPATH\View\View.php(231): CodeIgniter\View\View->CodeIgniter\View\{closure}()
 8 SYSTEMPATH\View\View.php(244): CodeIgniter\View\View->render('admin/layouts/app', [], true)
 9 SYSTEMPATH\Common.php(1190): CodeIgniter\View\View->render('admin/index', [], true)
10 APPPATH\Controllers\Admin\Dashboard.php(283): view('admin/index', [...])
11 SYSTEMPATH\CodeIgniter.php(942): App\Controllers\Admin\Dashboard->index()
12 SYSTEMPATH\CodeIgniter.php(502): CodeIgniter\CodeIgniter->runController(Object(App\Controllers\Admin\Dashboard))
13 SYSTEMPATH\CodeIgniter.php(361): CodeIgniter\CodeIgniter->handleRequest(null, Object(Config\Cache), false)
14 FCPATH\index.php(79): CodeIgniter\CodeIgniter->run()
15 SYSTEMPATH\Commands\Server\rewrite.php(47): require_once('C:\\laragon\\www\\bekawan\\public\\index.php')
INFO - 2023-12-13 05:55:41 --> Session: Class initialized using 'CodeIgniter\Session\Handlers\FileHandler' driver.
CRITICAL - 2023-12-13 05:55:41 --> Undefined index: role_id
in APPPATH\Views\admin\layouts\sidebar.php on line 32.
 1 APPPATH\Views\admin\layouts\sidebar.php(32): CodeIgniter\Debug\Exceptions->errorHandler(8, 'Undefined index: role_id', 'C:\\laragon\\www\\bekawan\\app\\Views\\admin\\layouts\\sidebar.php', 32, [...])
 2 SYSTEMPATH\View\View.php(228): include('C:\\laragon\\www\\bekawan\\app\\Views\\admin\\layouts\\sidebar.php')
 3 SYSTEMPATH\View\View.php(231): CodeIgniter\View\View->CodeIgniter\View\{closure}()
 4 SYSTEMPATH\View\View.php(469): CodeIgniter\View\View->render('admin/layouts/sidebar', null, true)
 5 APPPATH\Views\admin\layouts\app.php(29): CodeIgniter\View\View->include('admin/layouts/sidebar')
 6 SYSTEMPATH\View\View.php(228): include('C:\\laragon\\www\\bekawan\\app\\Views\\admin\\layouts\\app.php')
 7 SYSTEMPATH\View\View.php(231): CodeIgniter\View\View->CodeIgniter\View\{closure}()
 8 SYSTEMPATH\View\View.php(244): CodeIgniter\View\View->render('admin/layouts/app', [], true)
 9 SYSTEMPATH\Common.php(1190): CodeIgniter\View\View->render('admin/index', [], true)
10 APPPATH\Controllers\Admin\Dashboard.php(283): view('admin/index', [...])
11 SYSTEMPATH\CodeIgniter.php(942): App\Controllers\Admin\Dashboard->index()
12 SYSTEMPATH\CodeIgniter.php(502): CodeIgniter\CodeIgniter->runController(Object(App\Controllers\Admin\Dashboard))
13 SYSTEMPATH\CodeIgniter.php(361): CodeIgniter\CodeIgniter->handleRequest(null, Object(Config\Cache), false)
14 FCPATH\index.php(79): CodeIgniter\CodeIgniter->run()
15 SYSTEMPATH\Commands\Server\rewrite.php(47): require_once('C:\\laragon\\www\\bekawan\\public\\index.php')
INFO - 2023-12-13 05:56:09 --> Session: Class initialized using 'CodeIgniter\Session\Handlers\FileHandler' driver.
CRITICAL - 2023-12-13 05:56:09 --> Undefined index: role_id
in APPPATH\Views\admin\layouts\sidebar.php on line 92.
 1 APPPATH\Views\admin\layouts\sidebar.php(92): CodeIgniter\Debug\Exceptions->errorHandler(8, 'Undefined index: role_id', 'C:\\laragon\\www\\bekawan\\app\\Views\\admin\\layouts\\sidebar.php', 92, [...])
 2 SYSTEMPATH\View\View.php(228): include('C:\\laragon\\www\\bekawan\\app\\Views\\admin\\layouts\\sidebar.php')
 3 SYSTEMPATH\View\View.php(231): CodeIgniter\View\View->CodeIgniter\View\{closure}()
 4 SYSTEMPATH\View\View.php(469): CodeIgniter\View\View->render('admin/layouts/sidebar', null, true)
 5 APPPATH\Views\admin\layouts\app.php(29): CodeIgniter\View\View->include('admin/layouts/sidebar')
 6 SYSTEMPATH\View\View.php(228): include('C:\\laragon\\www\\bekawan\\app\\Views\\admin\\layouts\\app.php')
 7 SYSTEMPATH\View\View.php(231): CodeIgniter\View\View->CodeIgniter\View\{closure}()
 8 SYSTEMPATH\View\View.php(244): CodeIgniter\View\View->render('admin/layouts/app', [], true)
 9 SYSTEMPATH\Common.php(1190): CodeIgniter\View\View->render('admin/index', [], true)
10 APPPATH\Controllers\Admin\Dashboard.php(283): view('admin/index', [...])
11 SYSTEMPATH\CodeIgniter.php(942): App\Controllers\Admin\Dashboard->index()
12 SYSTEMPATH\CodeIgniter.php(502): CodeIgniter\CodeIgniter->runController(Object(App\Controllers\Admin\Dashboard))
13 SYSTEMPATH\CodeIgniter.php(361): CodeIgniter\CodeIgniter->handleRequest(null, Object(Config\Cache), false)
14 FCPATH\index.php(79): CodeIgniter\CodeIgniter->run()
15 SYSTEMPATH\Commands\Server\rewrite.php(47): require_once('C:\\laragon\\www\\bekawan\\public\\index.php')
INFO - 2023-12-13 05:56:22 --> Session: Class initialized using 'CodeIgniter\Session\Handlers\FileHandler' driver.
CRITICAL - 2023-12-13 05:56:22 --> Undefined variable: sum_total_january
in APPPATH\Views\admin\layouts\app.php on line 156.
 1 APPPATH\Views\admin\layouts\app.php(156): CodeIgniter\Debug\Exceptions->errorHandler(8, 'Undefined variable: sum_total_january', 'C:\\laragon\\www\\bekawan\\app\\Views\\admin\\layouts\\app.php', 156, [...])
 2 SYSTEMPATH\View\View.php(228): include('C:\\laragon\\www\\bekawan\\app\\Views\\admin\\layouts\\app.php')
 3 SYSTEMPATH\View\View.php(231): CodeIgniter\View\View->CodeIgniter\View\{closure}()
 4 SYSTEMPATH\View\View.php(244): CodeIgniter\View\View->render('admin/layouts/app', [], true)
 5 SYSTEMPATH\Common.php(1190): CodeIgniter\View\View->render('admin/index', [], true)
 6 APPPATH\Controllers\Admin\Dashboard.php(283): view('admin/index', [...])
 7 SYSTEMPATH\CodeIgniter.php(942): App\Controllers\Admin\Dashboard->index()
 8 SYSTEMPATH\CodeIgniter.php(502): CodeIgniter\CodeIgniter->runController(Object(App\Controllers\Admin\Dashboard))
 9 SYSTEMPATH\CodeIgniter.php(361): CodeIgniter\CodeIgniter->handleRequest(null, Object(Config\Cache), false)
10 FCPATH\index.php(79): CodeIgniter\CodeIgniter->run()
11 SYSTEMPATH\Commands\Server\rewrite.php(47): require_once('C:\\laragon\\www\\bekawan\\public\\index.php')
CRITICAL - 2023-12-13 05:57:05 --> syntax error, unexpected end of file
in APPPATH\Views\admin\layouts\app.php on line 237.
 1 SYSTEMPATH\View\View.php(231): CodeIgniter\View\View->CodeIgniter\View\{closure}()
 2 SYSTEMPATH\View\View.php(244): CodeIgniter\View\View->render('admin/layouts/app', [], true)
 3 SYSTEMPATH\Common.php(1190): CodeIgniter\View\View->render('admin/index', [], true)
 4 APPPATH\Controllers\Admin\Dashboard.php(283): view('admin/index', [...])
 5 SYSTEMPATH\CodeIgniter.php(942): App\Controllers\Admin\Dashboard->index()
 6 SYSTEMPATH\CodeIgniter.php(502): CodeIgniter\CodeIgniter->runController(Object(App\Controllers\Admin\Dashboard))
 7 SYSTEMPATH\CodeIgniter.php(361): CodeIgniter\CodeIgniter->handleRequest(null, Object(Config\Cache), false)
 8 FCPATH\index.php(79): CodeIgniter\CodeIgniter->run()
 9 SYSTEMPATH\Commands\Server\rewrite.php(47): require_once('C:\\laragon\\www\\bekawan\\public\\index.php')
INFO - 2023-12-13 06:01:51 --> Session: Class initialized using 'CodeIgniter\Session\Handlers\FileHandler' driver.
CRITICAL - 2023-12-13 06:01:51 --> Undefined variable: sum_total_january
in APPPATH\Views\admin\layouts\app.php on line 156.
 1 APPPATH\Views\admin\layouts\app.php(156): CodeIgniter\Debug\Exceptions->errorHandler(8, 'Undefined variable: sum_total_january', 'C:\\laragon\\www\\bekawan\\app\\Views\\admin\\layouts\\app.php', 156, [...])
 2 SYSTEMPATH\View\View.php(228): include('C:\\laragon\\www\\bekawan\\app\\Views\\admin\\layouts\\app.php')
 3 SYSTEMPATH\View\View.php(231): CodeIgniter\View\View->CodeIgniter\View\{closure}()
 4 SYSTEMPATH\View\View.php(244): CodeIgniter\View\View->render('admin/layouts/app', [], true)
 5 SYSTEMPATH\Common.php(1190): CodeIgniter\View\View->render('admin/index', [], true)
 6 APPPATH\Controllers\Admin\Dashboard.php(283): view('admin/index', [...])
 7 SYSTEMPATH\CodeIgniter.php(942): App\Controllers\Admin\Dashboard->index()
 8 SYSTEMPATH\CodeIgniter.php(502): CodeIgniter\CodeIgniter->runController(Object(App\Controllers\Admin\Dashboard))
 9 SYSTEMPATH\CodeIgniter.php(361): CodeIgniter\CodeIgniter->handleRequest(null, Object(Config\Cache), false)
10 FCPATH\index.php(79): CodeIgniter\CodeIgniter->run()
11 SYSTEMPATH\Commands\Server\rewrite.php(47): require_once('C:\\laragon\\www\\bekawan\\public\\index.php')
INFO - 2023-12-13 06:02:00 --> Session: Class initialized using 'CodeIgniter\Session\Handlers\FileHandler' driver.
CRITICAL - 2023-12-13 06:02:00 --> Undefined variable: sum_total_january
in APPPATH\Views\admin\layouts\app.php on line 156.
 1 APPPATH\Views\admin\layouts\app.php(156): CodeIgniter\Debug\Exceptions->errorHandler(8, 'Undefined variable: sum_total_january', 'C:\\laragon\\www\\bekawan\\app\\Views\\admin\\layouts\\app.php', 156, [...])
 2 SYSTEMPATH\View\View.php(228): include('C:\\laragon\\www\\bekawan\\app\\Views\\admin\\layouts\\app.php')
 3 SYSTEMPATH\View\View.php(231): CodeIgniter\View\View->CodeIgniter\View\{closure}()
 4 SYSTEMPATH\View\View.php(244): CodeIgniter\View\View->render('admin/layouts/app', [], true)
 5 SYSTEMPATH\Common.php(1190): CodeIgniter\View\View->render('admin/index', [], true)
 6 APPPATH\Controllers\Admin\Dashboard.php(283): view('admin/index', [...])
 7 SYSTEMPATH\CodeIgniter.php(942): App\Controllers\Admin\Dashboard->index()
 8 SYSTEMPATH\CodeIgniter.php(502): CodeIgniter\CodeIgniter->runController(Object(App\Controllers\Admin\Dashboard))
 9 SYSTEMPATH\CodeIgniter.php(361): CodeIgniter\CodeIgniter->handleRequest(null, Object(Config\Cache), false)
10 FCPATH\index.php(79): CodeIgniter\CodeIgniter->run()
11 SYSTEMPATH\Commands\Server\rewrite.php(47): require_once('C:\\laragon\\www\\bekawan\\public\\index.php')
INFO - 2023-12-13 06:02:06 --> Session: Class initialized using 'CodeIgniter\Session\Handlers\FileHandler' driver.
INFO - 2023-12-13 06:02:12 --> Session: Class initialized using 'CodeIgniter\Session\Handlers\FileHandler' driver.
INFO - 2023-12-13 06:27:00 --> Session: Class initialized using 'CodeIgniter\Session\Handlers\FileHandler' driver.
INFO - 2023-12-13 06:28:51 --> Session: Class initialized using 'CodeIgniter\Session\Handlers\FileHandler' driver.
INFO - 2023-12-13 06:29:59 --> Session: Class initialized using 'CodeIgniter\Session\Handlers\FileHandler' driver.
INFO - 2023-12-13 06:30:26 --> Session: Class initialized using 'CodeIgniter\Session\Handlers\FileHandler' driver.
INFO - 2023-12-13 06:30:36 --> Session: Class initialized using 'CodeIgniter\Session\Handlers\FileHandler' driver.
INFO - 2023-12-13 06:30:54 --> Session: Class initialized using 'CodeIgniter\Session\Handlers\FileHandler' driver.
INFO - 2023-12-13 06:31:01 --> Session: Class initialized using 'CodeIgniter\Session\Handlers\FileHandler' driver.
INFO - 2023-12-13 06:31:09 --> Session: Class initialized using 'CodeIgniter\Session\Handlers\FileHandler' driver.
INFO - 2023-12-13 06:31:23 --> Session: Class initialized using 'CodeIgniter\Session\Handlers\FileHandler' driver.
INFO - 2023-12-13 06:32:00 --> Session: Class initialized using 'CodeIgniter\Session\Handlers\FileHandler' driver.
INFO - 2023-12-13 06:32:37 --> Session: Class initialized using 'CodeIgniter\Session\Handlers\FileHandler' driver.
INFO - 2023-12-13 06:32:47 --> Session: Class initialized using 'CodeIgniter\Session\Handlers\FileHandler' driver.
INFO - 2023-12-13 06:33:28 --> Session: Class initialized using 'CodeIgniter\Session\Handlers\FileHandler' driver.
INFO - 2023-12-13 06:34:07 --> Session: Class initialized using 'CodeIgniter\Session\Handlers\FileHandler' driver.
INFO - 2023-12-13 06:34:09 --> Session: Class initialized using 'CodeIgniter\Session\Handlers\FileHandler' driver.
INFO - 2023-12-13 06:34:49 --> Session: Class initialized using 'CodeIgniter\Session\Handlers\FileHandler' driver.
INFO - 2023-12-13 06:34:59 --> Session: Class initialized using 'CodeIgniter\Session\Handlers\FileHandler' driver.
INFO - 2023-12-13 06:35:04 --> Session: Class initialized using 'CodeIgniter\Session\Handlers\FileHandler' driver.
INFO - 2023-12-13 06:35:53 --> Session: Class initialized using 'CodeIgniter\Session\Handlers\FileHandler' driver.
INFO - 2023-12-13 06:36:02 --> Session: Class initialized using 'CodeIgniter\Session\Handlers\FileHandler' driver.
INFO - 2023-12-13 06:36:29 --> Session: Class initialized using 'CodeIgniter\Session\Handlers\FileHandler' driver.
INFO - 2023-12-13 06:36:47 --> Session: Class initialized using 'CodeIgniter\Session\Handlers\FileHandler' driver.
INFO - 2023-12-13 06:36:57 --> Session: Class initialized using 'CodeIgniter\Session\Handlers\FileHandler' driver.
INFO - 2023-12-13 06:36:58 --> Session: Class initialized using 'CodeIgniter\Session\Handlers\FileHandler' driver.
CRITICAL - 2023-12-13 06:36:58 --> Class 'App\Models\Admin\UserModel' not found
in APPPATH\Controllers\Admin\Login.php on line 23.
 1 SYSTEMPATH\CodeIgniter.php(942): App\Controllers\Admin\Login->auth()
 2 SYSTEMPATH\CodeIgniter.php(502): CodeIgniter\CodeIgniter->runController(Object(App\Controllers\Admin\Login))
 3 SYSTEMPATH\CodeIgniter.php(361): CodeIgniter\CodeIgniter->handleRequest(null, Object(Config\Cache), false)
 4 FCPATH\index.php(79): CodeIgniter\CodeIgniter->run()
 5 SYSTEMPATH\Commands\Server\rewrite.php(47): require_once('C:\\laragon\\www\\bekawan\\public\\index.php')
INFO - 2023-12-13 06:41:52 --> Session: Class initialized using 'CodeIgniter\Session\Handlers\FileHandler' driver.
INFO - 2023-12-13 06:48:14 --> Session: Class initialized using 'CodeIgniter\Session\Handlers\FileHandler' driver.
CRITICAL - 2023-12-13 06:48:14 --> Undefined variable: user
in APPPATH\Views\admin\user\index.php on line 48.
 1 APPPATH\Views\admin\user\index.php(48): CodeIgniter\Debug\Exceptions->errorHandler(8, 'Undefined variable: user', 'C:\\laragon\\www\\bekawan\\app\\Views\\admin\\user\\index.php', 48, [...])
 2 SYSTEMPATH\View\View.php(228): include('C:\\laragon\\www\\bekawan\\app\\Views\\admin\\user\\index.php')
 3 SYSTEMPATH\View\View.php(231): CodeIgniter\View\View->CodeIgniter\View\{closure}()
 4 SYSTEMPATH\Common.php(1190): CodeIgniter\View\View->render('admin/user/index', [], true)
 5 APPPATH\Controllers\Admin\Counselor.php(24): view('admin/user/index', [...])
 6 SYSTEMPATH\CodeIgniter.php(942): App\Controllers\Admin\Counselor->index()
 7 SYSTEMPATH\CodeIgniter.php(502): CodeIgniter\CodeIgniter->runController(Object(App\Controllers\Admin\Counselor))
 8 SYSTEMPATH\CodeIgniter.php(361): CodeIgniter\CodeIgniter->handleRequest(null, Object(Config\Cache), false)
 9 FCPATH\index.php(79): CodeIgniter\CodeIgniter->run()
10 SYSTEMPATH\Commands\Server\rewrite.php(47): require_once('C:\\laragon\\www\\bekawan\\public\\index.php')
INFO - 2023-12-13 06:48:30 --> Session: Class initialized using 'CodeIgniter\Session\Handlers\FileHandler' driver.
INFO - 2023-12-13 07:07:08 --> Session: Class initialized using 'CodeIgniter\Session\Handlers\FileHandler' driver.
INFO - 2023-12-13 07:07:28 --> Session: Class initialized using 'CodeIgniter\Session\Handlers\FileHandler' driver.
INFO - 2023-12-13 07:09:24 --> Session: Class initialized using 'CodeIgniter\Session\Handlers\FileHandler' driver.
INFO - 2023-12-13 07:12:34 --> Session: Class initialized using 'CodeIgniter\Session\Handlers\FileHandler' driver.
INFO - 2023-12-13 07:15:34 --> Session: Class initialized using 'CodeIgniter\Session\Handlers\FileHandler' driver.
INFO - 2023-12-13 07:15:47 --> Session: Class initialized using 'CodeIgniter\Session\Handlers\FileHandler' driver.
INFO - 2023-12-13 07:16:01 --> Session: Class initialized using 'CodeIgniter\Session\Handlers\FileHandler' driver.
INFO - 2023-12-13 07:16:21 --> Session: Class initialized using 'CodeIgniter\Session\Handlers\FileHandler' driver.
INFO - 2023-12-13 07:16:34 --> Session: Class initialized using 'CodeIgniter\Session\Handlers\FileHandler' driver.
INFO - 2023-12-13 07:16:46 --> Session: Class initialized using 'CodeIgniter\Session\Handlers\FileHandler' driver.
INFO - 2023-12-13 07:18:21 --> Session: Class initialized using 'CodeIgniter\Session\Handlers\FileHandler' driver.
INFO - 2023-12-13 07:18:32 --> Session: Class initialized using 'CodeIgniter\Session\Handlers\FileHandler' driver.
INFO - 2023-12-13 07:19:08 --> Session: Class initialized using 'CodeIgniter\Session\Handlers\FileHandler' driver.
INFO - 2023-12-13 07:19:20 --> Session: Class initialized using 'CodeIgniter\Session\Handlers\FileHandler' driver.
INFO - 2023-12-13 07:19:51 --> Session: Class initialized using 'CodeIgniter\Session\Handlers\FileHandler' driver.
INFO - 2023-12-13 07:21:10 --> Session: Class initialized using 'CodeIgniter\Session\Handlers\FileHandler' driver.
INFO - 2023-12-13 07:22:08 --> Session: Class initialized using 'CodeIgniter\Session\Handlers\FileHandler' driver.
INFO - 2023-12-13 07:22:23 --> Session: Class initialized using 'CodeIgniter\Session\Handlers\FileHandler' driver.
INFO - 2023-12-13 07:22:34 --> Session: Class initialized using 'CodeIgniter\Session\Handlers\FileHandler' driver.
INFO - 2023-12-13 07:22:53 --> Session: Class initialized using 'CodeIgniter\Session\Handlers\FileHandler' driver.
INFO - 2023-12-13 07:23:02 --> Session: Class initialized using 'CodeIgniter\Session\Handlers\FileHandler' driver.
INFO - 2023-12-13 07:23:14 --> Session: Class initialized using 'CodeIgniter\Session\Handlers\FileHandler' driver.
INFO - 2023-12-13 07:23:36 --> Session: Class initialized using 'CodeIgniter\Session\Handlers\FileHandler' driver.
INFO - 2023-12-13 07:23:50 --> Session: Class initialized using 'CodeIgniter\Session\Handlers\FileHandler' driver.
INFO - 2023-12-13 07:24:01 --> Session: Class initialized using 'CodeIgniter\Session\Handlers\FileHandler' driver.
INFO - 2023-12-13 07:24:24 --> Session: Class initialized using 'CodeIgniter\Session\Handlers\FileHandler' driver.
INFO - 2023-12-13 07:24:32 --> Session: Class initialized using 'CodeIgniter\Session\Handlers\FileHandler' driver.
INFO - 2023-12-13 07:24:42 --> Session: Class initialized using 'CodeIgniter\Session\Handlers\FileHandler' driver.
INFO - 2023-12-13 07:24:52 --> Session: Class initialized using 'CodeIgniter\Session\Handlers\FileHandler' driver.
INFO - 2023-12-13 07:25:00 --> Session: Class initialized using 'CodeIgniter\Session\Handlers\FileHandler' driver.
INFO - 2023-12-13 07:25:12 --> Session: Class initialized using 'CodeIgniter\Session\Handlers\FileHandler' driver.
INFO - 2023-12-13 07:25:17 --> Session: Class initialized using 'CodeIgniter\Session\Handlers\FileHandler' driver.
INFO - 2023-12-13 07:25:25 --> Session: Class initialized using 'CodeIgniter\Session\Handlers\FileHandler' driver.
INFO - 2023-12-13 07:27:36 --> Session: Class initialized using 'CodeIgniter\Session\Handlers\FileHandler' driver.
INFO - 2023-12-13 07:27:58 --> Session: Class initialized using 'CodeIgniter\Session\Handlers\FileHandler' driver.
INFO - 2023-12-13 07:28:12 --> Session: Class initialized using 'CodeIgniter\Session\Handlers\FileHandler' driver.
INFO - 2023-12-13 07:29:20 --> Session: Class initialized using 'CodeIgniter\Session\Handlers\FileHandler' driver.
INFO - 2023-12-13 07:29:34 --> Session: Class initialized using 'CodeIgniter\Session\Handlers\FileHandler' driver.
INFO - 2023-12-13 07:33:09 --> Session: Class initialized using 'CodeIgniter\Session\Handlers\FileHandler' driver.
INFO - 2023-12-13 07:33:39 --> Session: Class initialized using 'CodeIgniter\Session\Handlers\FileHandler' driver.
INFO - 2023-12-13 07:34:29 --> Session: Class initialized using 'CodeIgniter\Session\Handlers\FileHandler' driver.
INFO - 2023-12-13 07:35:26 --> Session: Class initialized using 'CodeIgniter\Session\Handlers\FileHandler' driver.
INFO - 2023-12-13 07:57:53 --> Session: Class initialized using 'CodeIgniter\Session\Handlers\FileHandler' driver.
